2026-03-28 16:41:32, MOVE, v:1, k:ed@baruel, mode:DOWN
2026-03-28 16:41:32, MOVE, v:1, k:ed@baruel, mode:DOWN
2026-03-28 16:43:15, MOVE, v:1, k:ed@princesa, mode:DOWN
2026-03-28 16:43:16, MOVE, v:1, k:ed@princesa, mode:PICK
2026-03-28 16:43:21, EXEC, v:1, k:ed@princesa, mode:FULL, rate:0, size:5
2026-03-28 17:07:32, EXEC, v:1, k:ed@princesa, mode:FULL, rate:0, size:10
2026-03-28 17:07:32, EXEC, v:1, k:ed@princesa, mode:FULL, rate:0, size:10
2026-03-28 17:07:36, MOVE, v:1, k:ed@princesa, mode:BACK
2026-03-28 17:07:49, MOVE, v:1, k:ed@princesa, mode:PICK
2026-03-28 17:07:50, EXEC, v:1, k:ed@princesa, mode:FULL, rate:0, size:10
2026-03-28 17:07:51, EXEC, v:1, k:ed@princesa, mode:FULL, rate:0
2026-03-28 17:22:47, EXEC, v:1, k:ed@princesa, mode:FULL, rate:0, size:36
2026-03-28 17:22:47, EXEC, v:1, k:ed@princesa, mode:FULL, rate:0, size:36
2026-03-28 17:22:49, EXEC, v:1, k:ed@princesa, mode:FULL, rate:0, size:36
2026-03-28 17:22:53, MOVE, v:1, k:ed@princesa, mode:BACK
2026-03-28 17:23:08, MOVE, v:1, k:ed@princesa, mode:PICK
2026-03-28 17:23:09, EXEC, v:1, k:ed@princesa, mode:FULL, rate:0
2026-03-28 17:26:55, EXEC, v:1, k:ed@princesa, mode:FULL, size:43, fail:COMP
2026-03-28 17:26:56, EXEC, v:1, k:ed@princesa, mode:FULL, fail:COMP
2026-03-28 17:26:58, EXEC, v:1, k:ed@princesa, mode:FULL, fail:COMP
2026-03-28 17:26:58, EXEC, v:1, k:ed@princesa, mode:FULL, fail:COMP
2026-03-28 17:26:58, EXEC, v:1, k:ed@princesa, mode:FULL, fail:COMP
2026-03-28 17:27:04, EXEC, v:1, k:ed@princesa, mode:FULL, rate:0, size:43
2026-03-28 17:27:05, EXEC, v:1, k:ed@princesa, mode:FULL, rate:0, size:43
2026-03-28 17:27:20, MOVE, v:1, k:ed@princesa, mode:BACK
2026-03-28 17:28:00, MOVE, v:1, k:ed@princesa, mode:PICK
2026-03-28 17:28:00, EXEC, v:1, k:ed@princesa, mode:FULL, rate:0, size:43
2026-03-28 17:31:17, EXEC, v:1, k:ed@princesa, mode:FULL, size:43, fail:COMP
2026-03-28 17:31:18, EXEC, v:1, k:ed@princesa, mode:FULL, fail:COMP
2026-03-28 17:32:56, EXEC, v:1, k:ed@princesa, mode:FULL, size:43, fail:COMP
2026-03-28 17:32:56, EXEC, v:1, k:ed@princesa, mode:FULL, size:43, fail:COMP
2026-03-28 17:34:00, EXEC, v:1, k:ed@princesa, mode:FULL, rate:0, size:43
2026-03-28 17:34:07, MOVE, v:1, k:ed@princesa, mode:BACK
2026-03-28 17:36:36, MOVE, v:1, k:ed@princesa, mode:PICK
2026-03-28 17:36:37, EXEC, v:1, k:ed@princesa, mode:FULL, rate:0
2026-03-28 17:38:43, EXEC, v:1, k:ed@princesa, mode:FULL, rate:0, size:43
2026-03-28 17:38:43, EXEC, v:1, k:ed@princesa, mode:FULL, rate:0, size:43
2026-03-28 17:40:23, EXEC, v:1, k:ed@princesa, mode:FULL, rate:0, size:46
2026-03-28 17:40:23, EXEC, v:1, k:ed@princesa, mode:FULL, rate:0, size:46
2026-03-28 17:40:29, MOVE, v:1, k:ed@princesa, mode:BACK
2026-03-28 17:40:36, MOVE, v:1, k:ed@princesa, mode:PICK
2026-03-28 17:40:37, EXEC, v:1, k:ed@princesa, mode:FULL, rate:0, size:46
2026-03-28 17:40:38, EXEC, v:1, k:ed@princesa, mode:FULL, rate:0
2026-03-28 17:40:39, MOVE, v:1, k:ed@princesa, mode:BACK
2026-03-28 17:41:46, SELF, v:1, k:ed@princesa, self:1, study:70, friend:sena, problem:1, debug:1
