2026-04-25 15:54:25, MOVE, v:1, k:ed@treinando, mode:DOWN
2026-04-25 15:54:28, MOVE, v:1, k:ed@treinando, mode:PICK
2026-04-25 15:54:29, EXEC, v:1, k:ed@treinando, mode:FULL, rate:0, size:84
2026-04-25 15:54:32, EXEC, v:1, k:ed@treinando, mode:FULL, rate:0
2026-04-25 15:54:25, MOVE, v:1, k:ed@treinando, mode:EDIT
2026-04-25 15:54:25, MOVE, v:1, k:ed@treinando, mode:EDIT
2026-04-25 15:54:25, MOVE, v:1, k:ed@treinando, mode:EDIT
2026-04-25 15:54:31, MOVE, v:1, k:ed@treinando, mode:EDIT
2026-04-25 16:14:08, MOVE, v:1, k:ed@treinando, mode:EDIT
2026-04-25 16:19:09, MOVE, v:1, k:ed@treinando, mode:EDIT
2026-04-25 16:22:35, MOVE, v:1, k:ed@treinando, mode:EDIT
2026-04-25 16:32:26, MOVE, v:1, k:ed@treinando, mode:EDIT
2026-04-25 16:39:02, MOVE, v:1, k:ed@treinando, mode:EDIT
2026-04-25 16:44:09, MOVE, v:1, k:ed@treinando, mode:EDIT
2026-04-25 16:48:52, MOVE, v:1, k:ed@treinando, mode:EDIT
2026-04-25 16:53:24, EXEC, v:1, k:ed@treinando, mode:FULL, size:144, fail:COMP
2026-04-25 16:53:24, EXEC, v:1, k:ed@treinando, mode:FULL, size:144, fail:COMP
2026-04-25 16:51:07, MOVE, v:1, k:ed@treinando, mode:EDIT
2026-04-25 16:55:19, EXEC, v:1, k:ed@treinando, mode:FULL, rate:50, size:133
2026-04-25 16:59:09, EXEC, v:1, k:ed@treinando, mode:FULL, rate:66, size:135
2026-04-25 16:59:09, EXEC, v:1, k:ed@treinando, mode:FULL, rate:66, size:135
2026-04-25 16:56:50, MOVE, v:1, k:ed@treinando, mode:EDIT
2026-04-25 16:59:09, MOVE, v:1, k:ed@treinando, mode:EDIT
2026-04-25 17:04:08, EXEC, v:1, k:ed@treinando, mode:FULL, rate:100, size:136
2026-04-25 17:04:08, EXEC, v:1, k:ed@treinando, mode:FULL, rate:100
2026-04-25 17:04:01, MOVE, v:1, k:ed@treinando, mode:EDIT
2026-04-25 17:04:08, MOVE, v:1, k:ed@treinando, mode:EDIT
2026-04-25 17:04:29, EXEC, v:1, k:ed@treinando, mode:FULL, rate:100
2026-04-25 17:04:32, MOVE, v:1, k:ed@treinando, mode:BACK
2026-04-25 17:04:41, MOVE, v:1, k:ed@treinando, mode:PICK
2026-04-25 17:04:43, EXEC, v:1, k:ed@treinando, mode:FULL, rate:100
2026-04-25 17:04:44, EXEC, v:1, k:ed@treinando, mode:FULL, rate:100
2026-04-25 17:04:47, EXEC, v:1, k:ed@treinando, mode:FULL, rate:100
2026-04-25 17:04:49, EXEC, v:1, k:ed@treinando, mode:FREE
2026-04-25 17:06:14, MOVE, v:1, k:ed@treinando, mode:BACK
2026-04-25 17:07:34, SELF, v:1, k:ed@treinando, self:1, study:120, concept:1, problem:1, debug:1
