2026-03-20 15:07:39, MOVE, v:1, k:ed@mumia, mode:PICK
2026-03-20 15:07:50, EXEC, v:1, k:ed@mumia, mode:FULL, rate:0, size:5
2026-03-20 15:35:34, EXEC, v:1, k:ed@mumia, mode:FREE, size:7
2026-03-20 15:53:19, EXEC, v:1, k:ed@mumia, mode:FREE, size:24
2026-03-20 15:55:08, MOVE, v:1, k:ed@mumia, mode:BACK
2026-03-20 15:55:33, MOVE, v:1, k:ed@fuga, mode:PICK
2026-03-20 15:57:02, MOVE, v:1, k:ed@fuga, mode:BACK
2026-03-20 15:57:04, MOVE, v:1, k:ed@fuga, mode:PICK
2026-03-20 16:02:00, MOVE, v:1, k:ed@fuga, mode:BACK
2026-03-20 16:02:04, MOVE, v:1, k:ed@fuga, mode:PICK
2026-03-20 16:02:39, EXEC, v:1, k:ed@fuga, mode:FULL, rate:0, size:5
2026-03-20 16:04:05, MOVE, v:1, k:ed@fuga, mode:BACK
2026-03-20 16:04:19, MOVE, v:1, k:ed@fuga, mode:PICK
2026-03-20 16:04:20, EXEC, v:1, k:ed@fuga, mode:FULL, rate:0
2026-03-20 16:05:36, MOVE, v:1, k:ed@fuga, mode:BACK
2026-03-20 16:05:38, MOVE, v:1, k:ed@fuga, mode:PICK
2026-03-20 16:05:38, EXEC, v:1, k:ed@fuga, mode:FULL, rate:0
2026-03-20 16:13:49, MOVE, v:1, k:ed@fuga, mode:BACK
2026-03-20 16:13:53, MOVE, v:1, k:ed@fuga, mode:PICK
2026-03-20 16:13:55, EXEC, v:1, k:ed@fuga, mode:FULL, rate:0, size:23
2026-03-20 16:15:08, MOVE, v:1, k:ed@fuga, mode:BACK
2026-03-20 16:15:37, MOVE, v:1, k:ed@fuga, mode:PICK
2026-03-20 16:15:38, EXEC, v:1, k:ed@fuga, mode:FULL, rate:0, size:24
2026-03-20 16:15:46, MOVE, v:1, k:ed@fuga, mode:BACK
2026-03-20 16:16:10, MOVE, v:1, k:ed@mumia, mode:PICK
2026-03-20 16:16:11, EXEC, v:1, k:ed@mumia, mode:FULL, rate:100, size:24
2026-03-20 16:16:17, EXEC, v:1, k:ed@mumia, mode:FULL, rate:100
2026-03-20 16:16:19, EXEC, v:1, k:ed@mumia, mode:FULL, rate:100
2026-03-20 16:16:22, EXEC, v:1, k:ed@mumia, mode:FREE
2026-03-20 16:17:10, EXEC, v:1, k:ed@mumia, mode:FULL, rate:100, size:23
2026-03-20 16:17:10, EXEC, v:1, k:ed@mumia, mode:FULL, rate:100, size:23
2026-03-20 16:17:12, EXEC, v:1, k:ed@mumia, mode:FULL, rate:100, size:23
2026-03-20 16:17:14, EXEC, v:1, k:ed@mumia, mode:FULL, rate:100
2026-03-20 16:17:23, MOVE, v:1, k:ed@mumia, mode:BACK
2026-03-20 16:18:52, SELF, v:1, k:ed@mumia, self:1, rate:100, study:90, friend:nao, concept:1, debug:1
2026-03-20 16:19:17, MOVE, v:1, k:ed@fuga, mode:PICK
2026-03-20 16:19:18, EXEC, v:1, k:ed@fuga, mode:FULL, rate:0
2026-03-20 16:19:25, MOVE, v:1, k:ed@fuga, mode:BACK
2026-03-20 16:19:28, MOVE, v:1, k:ed@fuga, mode:PICK
2026-03-20 16:19:29, EXEC, v:1, k:ed@fuga, mode:FULL, rate:0
2026-03-20 16:19:33, MOVE, v:1, k:ed@fuga, mode:BACK
2026-03-20 17:28:07, MOVE, v:1, k:ed@fuga, mode:PICK
2026-03-20 17:28:10, EXEC, v:1, k:ed@fuga, mode:FULL, rate:0, size:25
2026-03-20 17:28:22, MOVE, v:1, k:ed@fuga, mode:BACK
2026-03-20 17:29:27, MOVE, v:1, k:ed@fuga, mode:PICK
2026-03-20 17:29:28, EXEC, v:1, k:ed@fuga, mode:FULL, rate:0, size:23
2026-03-20 17:32:30, EXEC, v:1, k:ed@fuga, mode:FREE, size:28
2026-03-20 17:32:41, EXEC, v:1, k:ed@fuga, mode:FULL, rate:0
2026-03-20 17:32:42, EXEC, v:1, k:ed@fuga, mode:FULL, rate:0
2026-03-20 17:32:49, MOVE, v:1, k:ed@fuga, mode:BACK
2026-03-20 17:33:39, MOVE, v:1, k:ed@fuga, mode:PICK
2026-03-20 17:33:40, EXEC, v:1, k:ed@fuga, mode:FULL, rate:0
2026-03-20 17:34:34, MOVE, v:1, k:ed@fuga, mode:BACK
2026-03-20 17:34:44, MOVE, v:1, k:ed@fuga, mode:PICK
2026-03-20 17:34:45, EXEC, v:1, k:ed@fuga, mode:FULL, rate:0
2026-03-20 17:36:57, EXEC, v:1, k:ed@fuga, mode:FULL, rate:0, size:28
2026-03-20 17:36:58, EXEC, v:1, k:ed@fuga, mode:FULL, rate:0
2026-03-20 17:37:00, MOVE, v:1, k:ed@fuga, mode:BACK
2026-03-20 17:37:05, MOVE, v:1, k:ed@fuga, mode:PICK
2026-03-20 17:37:06, EXEC, v:1, k:ed@fuga, mode:FULL, rate:0
2026-03-20 17:51:05, EXEC, v:1, k:ed@fuga, mode:FULL, rate:0, size:28
2026-03-20 17:51:05, EXEC, v:1, k:ed@fuga, mode:FULL, rate:0, size:28
2026-03-20 17:51:07, MOVE, v:1, k:ed@fuga, mode:BACK
2026-03-20 17:51:50, SELF, v:1, k:ed@fuga, self:1, study:60, friend:nao, problem:1, debug:1
