2026-03-29 15:12:42, MOVE, v:1, k:ed@apagando, mode:DOWN
2026-03-29 15:12:43, MOVE, v:1, k:ed@apagando, mode:PICK
2026-03-29 15:12:45, EXEC, v:1, k:ed@apagando, mode:FULL, size:4, fail:COMP
2026-03-29 15:12:46, EXEC, v:1, k:ed@apagando, mode:FULL, fail:COMP
2026-03-29 15:12:47, EXEC, v:1, k:ed@apagando, mode:FULL, fail:COMP
2026-03-29 15:12:50, MOVE, v:1, k:ed@apagando, mode:BACK
2026-03-29 15:35:44, MOVE, v:1, k:ed@apagando, mode:PICK
2026-03-29 15:35:46, EXEC, v:1, k:ed@apagando, mode:FULL, rate:0, size:17
2026-03-29 15:35:47, EXEC, v:1, k:ed@apagando, mode:FULL, rate:0
2026-03-29 15:35:50, EXEC, v:1, k:ed@apagando, mode:FULL, rate:0
2026-03-29 15:35:53, EXEC, v:1, k:ed@apagando, mode:FULL, rate:0
2026-03-29 15:35:54, EXEC, v:1, k:ed@apagando, mode:FULL, rate:0
2026-03-29 15:35:55, MOVE, v:1, k:ed@apagando, mode:BACK
2026-03-29 15:45:13, MOVE, v:1, k:ed@apagando, mode:PICK
2026-03-29 15:45:14, EXEC, v:1, k:ed@apagando, mode:FULL, size:27, fail:COMP
2026-03-29 15:45:15, EXEC, v:1, k:ed@apagando, mode:FULL, fail:COMP
2026-03-29 15:45:17, MOVE, v:1, k:ed@apagando, mode:BACK
2026-03-29 15:52:59, MOVE, v:1, k:ed@apagando, mode:PICK
2026-03-29 15:53:00, EXEC, v:1, k:ed@apagando, mode:FULL, size:38, fail:COMP
2026-03-29 15:53:03, MOVE, v:1, k:ed@apagando, mode:BACK
2026-03-29 15:53:15, MOVE, v:1, k:ed@apagando, mode:PICK
2026-03-29 15:56:50, EXEC, v:1, k:ed@apagando, mode:FULL, rate:0, size:38
2026-03-29 15:57:46, MOVE, v:1, k:ed@apagando, mode:BACK
2026-03-29 15:57:54, MOVE, v:1, k:ed@apagando, mode:PICK
2026-03-29 15:57:55, EXEC, v:1, k:ed@apagando, mode:FULL, rate:0
2026-03-29 15:58:00, MOVE, v:1, k:ed@apagando, mode:BACK
2026-03-29 15:58:41, SELF, v:1, k:ed@apagando, self:1, study:60, concept:1, problem:1, debug:1
2026-03-29 21:22:45, MOVE, v:1, k:ed@manipulacao, mode:DOWN
2026-03-29 21:22:46, MOVE, v:1, k:ed@manipulacao, mode:PICK
2026-03-29 21:22:49, EXEC, v:1, k:ed@manipulacao, mode:FULL, rate:0, size:106
2026-03-29 21:22:49, EXEC, v:1, k:ed@manipulacao, mode:FULL, rate:0, size:106
2026-03-29 21:54:46, EXEC, v:1, k:ed@manipulacao, mode:FULL, rate:0, size:112
2026-03-29 21:54:47, EXEC, v:1, k:ed@manipulacao, mode:FULL, rate:0
